  BasicMaterial.cpp
c:\users\chris\desktop\dwarves vs zombies\dwarves-vs-zombies\dvz\basicmaterial.cpp(18): warning C4244: '=': conversion from 'float' to 'T', possible loss of data
          with
          [
              T=glm::u32
          ]
c:\users\chris\desktop\dwarves vs zombies\dwarves-vs-zombies\dvz\basicmaterial.cpp(19): warning C4244: '=': conversion from 'float' to 'T', possible loss of data
          with
          [
              T=glm::u32
          ]
c:\users\chris\desktop\dwarves vs zombies\dwarves-vs-zombies\dvz\basicmaterial.cpp(20): warning C4244: '=': conversion from 'float' to 'T', possible loss of data
          with
          [
              T=glm::u32
          ]
c:\users\chris\desktop\dwarves vs zombies\dwarves-vs-zombies\dvz\basicmaterial.cpp(21): warning C4244: '=': conversion from 'float' to 'T', possible loss of data
          with
          [
              T=glm::u32
          ]
  BasicRenderSystem.cpp
  DemoState.cpp
c:\users\chris\desktop\dwarves vs zombies\dwarves-vs-zombies\dvz\tex.h(56): warning C4091: 'static ': ignored on left of 'TEX::Builder' when no variable is declared
  Engine.cpp
  GameState.cpp
  GameStateManager.cpp
  Geometry.cpp
  main.cpp
c:\users\chris\desktop\dwarves vs zombies\dwarves-vs-zombies\dvz\main.cpp(64): warning C4244: 'argument': conversion from 'double' to 'float', possible loss of data
  MainState.cpp
  Material.cpp
  MovementSystem.cpp
  OpenGLRenderer.cpp
  PlayState.cpp
  QuadGeometry.cpp
  Scene.cpp
  Shader.cpp
  System.cpp
  SystemManager.cpp
  TestSystem.cpp
  TEX.cpp
c:\users\chris\desktop\dwarves vs zombies\dwarves-vs-zombies\dvz\tex.h(56): warning C4091: 'static ': ignored on left of 'TEX::Builder' when no variable is declared
  Generating Code...
  Compiling...
  VAO.cpp
c:\users\chris\desktop\dwarves vs zombies\dwarves-vs-zombies\dvz\vao.cpp(33): warning C4267: 'argument': conversion from 'size_t' to 'GLsizei', possible loss of data
c:\users\chris\desktop\dwarves vs zombies\dwarves-vs-zombies\dvz\vao.cpp(35): warning C4477: 'fprintf' : format string '%d' requires an argument of type 'int', but variadic argument 5 has type 'unsigned __int64'
  c:\users\chris\desktop\dwarves vs zombies\dwarves-vs-zombies\dvz\vao.cpp(35): note: consider using '%zd' in the format string
  VBO.cpp
c:\users\chris\desktop\dwarves vs zombies\dwarves-vs-zombies\dvz\vbo.cpp(41): warning C4267: 'argument': conversion from 'size_t' to 'GLsizei', possible loss of data
c:\users\chris\desktop\dwarves vs zombies\dwarves-vs-zombies\dvz\vbo.cpp(43): warning C4477: 'fprintf' : format string '%d' requires an argument of type 'int', but variadic argument 5 has type 'unsigned __int64'
  c:\users\chris\desktop\dwarves vs zombies\dwarves-vs-zombies\dvz\vbo.cpp(43): note: consider using '%zd' in the format string
  Generating Code...
  DVZ.vcxproj -> C:\Users\Chris\Desktop\Dwarves Vs Zombies\Dwarves-Vs-Zombies\x64\Debug\DVZ.exe
